<?xml version="1.0" encoding="UTF-8"?>
<!-- Generated by org.testng.reporters.JUnitReportReporter -->
<testsuite hostname="DESKTOP-0N88LAP" failures="0" tests="1" name="com.qa.testscripts.TC_Rediff_04" time="28.457" errors="0" timestamp="2021-05-16T17:16:31 IST" skipped="0">
  <testcase classname="com.qa.testscripts.TC_Rediff_04" name="WorkingWithPopUpWindow" time="28.457"/>
  <system-out>
The format of your full name is incorrect.
Your full name can contain alphabets and space characters e.g. Sameer Bhagwat  </system-out>
</testsuite> <!-- com.qa.testscripts.TC_Rediff_04 -->
