<?xml version="1.0" encoding="UTF-8"?>
<!-- Generated by org.testng.reporters.JUnitReportReporter -->
<testsuite hostname="DESKTOP-0N88LAP" failures="0" tests="7" name="com.qa.testscripts.TestNGAnnotationDemo" time="0.077" errors="0" timestamp="2021-05-16T10:59:46 IST" skipped="1">
  <testcase classname="com.qa.testscripts.TestNGAnnotationDemo" name="FundTransfer" time="0.013"/>
  <system-out>
Fund Transfer  </system-out>
  <testcase classname="com.qa.testscripts.TestNGAnnotationDemo" name="FundTransfer" time="0.009"/>
  <system-out>
Fund Transfer  </system-out>
  <testcase classname="com.qa.testscripts.TestNGAnnotationDemo" name="FundTransfer" time="0.025"/>
  <system-out>
Fund Transfer  </system-out>
  <testcase classname="com.qa.testscripts.TestNGAnnotationDemo" name="UtilityBillPayment" time="0.005"/>
  <system-out>
Utility Bill Payment  </system-out>
  <testcase classname="com.qa.testscripts.TestNGAnnotationDemo" name="VehicleInsurance" time="0.006"/>
  <system-out>
Pay vehicle insurance  </system-out>
  <testcase classname="com.qa.testscripts.TestNGAnnotationDemo" name="HealthInsurance" time="0.019"/>
  <system-out>
Pay Health Insurance  </system-out>
  <testcase classname="com.qa.testscripts.TestNGAnnotationDemo" name="CCBillPayment">
    <skipped/>
  </testcase> <!-- CCBillPayment -->
  <system-out/>
</testsuite> <!-- com.qa.testscripts.TestNGAnnotationDemo -->
