<?xml version="1.0" encoding="UTF-8"?>
<!-- Generated by org.testng.reporters.JUnitReportReporter -->
<testsuite hostname="DESKTOP-0N88LAP" failures="0" tests="4" name="com.qa.testscripts.TC_Amazon_01" time="49.912" errors="0" timestamp="2021-06-05T13:10:05 IST" skipped="0">
  <testcase classname="com.qa.testscripts.TC_Amazon_01" name="SearchItem" time="9.261"/>
  <system-out>
Title has the search term  </system-out>
  <testcase classname="com.qa.testscripts.TC_Amazon_01" name="SearchItem" time="13.460"/>
  <system-out>
Title has the search term  </system-out>
  <testcase classname="com.qa.testscripts.TC_Amazon_01" name="SearchItem" time="11.539"/>
  <system-out>
Title has the search term  </system-out>
  <testcase classname="com.qa.testscripts.TC_Amazon_01" name="SearchItem" time="15.652"/>
  <system-out>
Title has the search term  </system-out>
</testsuite> <!-- com.qa.testscripts.TC_Amazon_01 -->
