<?xml version="1.0" encoding="UTF-8"?>
<!-- Generated by org.testng.reporters.JUnitReportReporter -->
<testsuite hostname="DESKTOP-0N88LAP" failures="0" tests="2" name="com.qa.testscripts.TC_ScrollEventDemo" time="34.447" errors="0" timestamp="2021-05-29T11:58:33 IST" skipped="1">
  <testcase classname="com.qa.testscripts.TC_ScrollEventDemo" name="scrollinElementview" time="34.447"/>
  <system-out/>
  <testcase classname="com.qa.testscripts.TC_ScrollEventDemo" name="workingwithScorllbar">
    <skipped/>
  </testcase> <!-- workingwithScorllbar -->
  <system-out/>
</testsuite> <!-- com.qa.testscripts.TC_ScrollEventDemo -->
