<?xml version="1.0" encoding="UTF-8"?>
<!-- Generated by org.testng.reporters.JUnitReportReporter -->
<testsuite hostname="DESKTOP-0N88LAP" failures="0" tests="1" name="com.qa.testscripts.TC_Amazon_02" time="11.476" errors="0" timestamp="2021-06-05T13:10:05 IST" skipped="0">
  <testcase classname="com.qa.testscripts.TC_Amazon_02" name="CalculateFooterLinks" time="11.476"/>
  <system-out/>
</testsuite> <!-- com.qa.testscripts.TC_Amazon_02 -->
