<?xml version="1.0" encoding="UTF-8"?>
<!-- Generated by org.testng.reporters.JUnitReportReporter -->
<testsuite hostname="DESKTOP-0N88LAP" failures="0" tests="1" name="com.qa.testscripts.TC_Rediff_01" time="163.891" errors="0" timestamp="2021-05-15T16:55:55 IST" skipped="0">
  <testcase classname="com.qa.testscripts.TC_Rediff_01" name="registration" time="163.891"/>
  <system-out/>
</testsuite> <!-- com.qa.testscripts.TC_Rediff_01 -->
