<?xml version="1.0" encoding="UTF-8"?>
<!-- Generated by org.testng.reporters.JUnitReportReporter -->
<testsuite hostname="DESKTOP-0N88LAP" failures="0" tests="1" name="com.qa.testscripts.TC_Rediff_03" time="8.789" errors="0" timestamp="2021-05-16T16:28:24 IST" skipped="0">
  <testcase classname="com.qa.testscripts.TC_Rediff_03" name="workingWithMultipleWindows" time="8.789"/>
  <system-out>
Rediffmail Free Unlimited Storage ************************* Home ************************* terms and conditions ************************* privacy policy Welcome to rediff.com ************************* Rediff India ************************* Rediff USA ************************* India Abroad ************************* shopsupport@rediff.co.in ************************* shopsupport@rediff.co.in ************************* http://support.rediff.com/ ************************* http://www.verisign.com/ssl/index.html ************************* shopsupport@rediff.co.in ************************* shopsupport@rediff.co.in ************************* shopsupport@rediff.co.in ************************* http://support.rediff.com/ ************************* shopsupport@rediff.co.in ************************* shopsupport@rediff.co.in ************************* http://www.cookiecentral.com/faq/ ************************* http://www.cookiecentral.com/ ************************* Rediff.com ************************* shopsupport@rediff.co.in ************************* shopsupport@rediff.co.in ************************* feedback form ************************* shopsupport@rediff.co.in Rediffmail: Terms and Conditions  </system-out>
</testsuite> <!-- com.qa.testscripts.TC_Rediff_03 -->
