<?xml version="1.0" encoding="UTF-8"?>
<!-- Generated by org.testng.reporters.JUnitReportReporter -->
<testsuite hostname="DESKTOP-0N88LAP" failures="0" tests="3" name="com.qa.testscripts.TC_WorkingwithScreenshots" time="23.969" errors="0" timestamp="2021-05-29T13:16:07 IST" skipped="0">
  <testcase classname="com.qa.testscripts.TC_WorkingwithScreenshots" name="WebElementScreenshot" time="2.806"/>
  <system-out/>
  <testcase classname="com.qa.testscripts.TC_WorkingwithScreenshots" name="DriverScreenShot" time="1.826"/>
  <system-out/>
  <testcase classname="com.qa.testscripts.TC_WorkingwithScreenshots" name="PageScreenShot" time="19.337"/>
  <system-out/>
</testsuite> <!-- com.qa.testscripts.TC_WorkingwithScreenshots -->
