<?xml version="1.0" encoding="UTF-8"?>
<!-- Generated by org.testng.reporters.JUnitReportReporter -->
<testsuite hostname="DESKTOP-0N88LAP" failures="0" tests="1" name="com.qa.testscripts.TC_AmazonActionDemo_04" time="17.593" errors="0" timestamp="2021-05-29T10:57:52 IST" skipped="0">
  <testcase classname="com.qa.testscripts.TC_AmazonActionDemo_04" name="AmazonRegistration" time="17.593"/>
  <system-out>
The user is on Registration page  </system-out>
</testsuite> <!-- com.qa.testscripts.TC_AmazonActionDemo_04 -->
