<?xml version="1.0" encoding="UTF-8"?>
<!-- Generated by org.testng.reporters.JUnitReportReporter -->
<testsuite hostname="DESKTOP-0N88LAP" failures="0" tests="1" name="com.qa.testscripts.TC_DragAndDropDemo" time="20.222" errors="0" timestamp="2021-05-29T11:06:18 IST" skipped="0">
  <testcase classname="com.qa.testscripts.TC_DragAndDropDemo" name="DemoDragDrop" time="20.222"/>
  <system-out/>
</testsuite> <!-- com.qa.testscripts.TC_DragAndDropDemo -->
